<?xml version="1.0" encoding="UTF-8"?><testrun name="TestRunner" project="CucumberJava" tests="7" started="7" failures="0" errors="3" ignored="0">
  <testsuite name="StepDefinitions.TestRunner" time="80.486">
    <testsuite name="feature to test login functionality" time="70.069">
      <testcase name="check login is successful with valid credentials" classname="feature to test login functionality" time="8.476"/>
      <testcase name="check login is un-successful with invalid credentials #1" classname="feature to test login functionality" time="6.192"/>
      <testcase name="check login is un-successful with invalid credentials #2" classname="feature to test login functionality" time="8.227"/>
      <testcase name="check login is un-successful with invalid credentials #3" classname="feature to test login functionality" time="15.708">
        <error>org.openqa.selenium.TimeoutException: timeout: Timed out receiving message from renderer: 7.812
  (Session info: chrome=111.0.5563.147)
Build info: version: '4.8.3', revision: 'e5e76298c3'
System info: os.name: 'Windows 11', os.arch: 'amd64', os.version: '10.0', java.version: '20'
Driver info: org.openqa.selenium.chrome.ChromeDriver
Command: [da0c70c8e8e22a1fde6519d921619fd4, get {url=http://psa-sanbox.2359media.com.s3-website-ap-southeast-1.amazonaws.com/}]
Capabilities {acceptInsecureCerts: false, browserName: chrome, browserVersion: 111.0.5563.147, chrome: {chromedriverVersion: 111.0.5563.64 (c710e93d5b63..., userDataDir: C:\Users\dimas\AppData\Loca...}, goog:chromeOptions: {debuggerAddress: localhost:59625}, networkConnectionEnabled: false, pageLoadStrategy: normal, platformName: WINDOWS, proxy: Proxy(), se:cdp: ws://localhost:59625/devtoo..., se:cdpVersion: 111.0.5563.147, setWindowRect: true, strictFileInteractability: false, timeouts: {implicit: 0, pageLoad: 300000, script: 30000}, unhandledPromptBehavior: dismiss and notify, webauthn:extension:credBlob: true, webauthn:extension:largeBlob: true, webauthn:extension:minPinLength: true, webauthn:extension:prf: true, webauthn:virtualAuthenticators: true}
Session ID: da0c70c8e8e22a1fde6519d921619fd4&#13;
	at java.base/jdk.internal.reflect.DirectConstructorHandleAccessor.newInstance(DirectConstructorHandleAccessor.java:67)&#13;
	at java.base/java.lang.reflect.Constructor.newInstanceWithCaller(Constructor.java:500)&#13;
	at java.base/java.lang.reflect.Constructor.newInstance(Constructor.java:484)&#13;
	at org.openqa.selenium.remote.codec.w3c.W3CHttpResponseCodec.createException(W3CHttpResponseCodec.java:200)&#13;
	at org.openqa.selenium.remote.codec.w3c.W3CHttpResponseCodec.decode(W3CHttpResponseCodec.java:133)&#13;
	at org.openqa.selenium.remote.codec.w3c.W3CHttpResponseCodec.decode(W3CHttpResponseCodec.java:53)&#13;
	at org.openqa.selenium.remote.HttpCommandExecutor.execute(HttpCommandExecutor.java:193)&#13;
	at org.openqa.selenium.remote.service.DriverCommandExecutor.invokeExecute(DriverCommandExecutor.java:183)&#13;
	at org.openqa.selenium.remote.service.DriverCommandExecutor.execute(DriverCommandExecutor.java:158)&#13;
	at org.openqa.selenium.remote.RemoteWebDriver.execute(RemoteWebDriver.java:543)&#13;
	at org.openqa.selenium.remote.RemoteWebDriver.get(RemoteWebDriver.java:297)&#13;
	at org.openqa.selenium.remote.RemoteWebDriver$RemoteNavigation.to(RemoteWebDriver.java:982)&#13;
	at StepDefinitions.LoginSteps.user_is_on_login_page(LoginSteps.java:36)&#13;
	at ✽.user is on login page(file:///C:/Users/dimas/eclipse-workspace/CucumberJava/src/test/resources/Features/login.feature:18)&#13;
&#13;
</error>
      </testcase>
      <testcase name="check login is un-successful with invalid credentials #4" classname="feature to test login functionality" time="15.733">
        <error>org.openqa.selenium.TimeoutException: timeout: Timed out receiving message from renderer: 13.686
  (Session info: chrome=111.0.5563.147)
Build info: version: '4.8.3', revision: 'e5e76298c3'
System info: os.name: 'Windows 11', os.arch: 'amd64', os.version: '10.0', java.version: '20'
Driver info: org.openqa.selenium.chrome.ChromeDriver
Command: [948faca4facac5ee267be84d2c1ae706, get {url=http://psa-sanbox.2359media.com.s3-website-ap-southeast-1.amazonaws.com/}]
Capabilities {acceptInsecureCerts: false, browserName: chrome, browserVersion: 111.0.5563.147, chrome: {chromedriverVersion: 111.0.5563.64 (c710e93d5b63..., userDataDir: C:\Users\dimas\AppData\Loca...}, goog:chromeOptions: {debuggerAddress: localhost:59657}, networkConnectionEnabled: false, pageLoadStrategy: normal, platformName: WINDOWS, proxy: Proxy(), se:cdp: ws://localhost:59657/devtoo..., se:cdpVersion: 111.0.5563.147, setWindowRect: true, strictFileInteractability: false, timeouts: {implicit: 0, pageLoad: 300000, script: 30000}, unhandledPromptBehavior: dismiss and notify, webauthn:extension:credBlob: true, webauthn:extension:largeBlob: true, webauthn:extension:minPinLength: true, webauthn:extension:prf: true, webauthn:virtualAuthenticators: true}
Session ID: 948faca4facac5ee267be84d2c1ae706&#13;
	at java.base/jdk.internal.reflect.DirectConstructorHandleAccessor.newInstance(DirectConstructorHandleAccessor.java:67)&#13;
	at java.base/java.lang.reflect.Constructor.newInstanceWithCaller(Constructor.java:500)&#13;
	at java.base/java.lang.reflect.Constructor.newInstance(Constructor.java:484)&#13;
	at org.openqa.selenium.remote.codec.w3c.W3CHttpResponseCodec.createException(W3CHttpResponseCodec.java:200)&#13;
	at org.openqa.selenium.remote.codec.w3c.W3CHttpResponseCodec.decode(W3CHttpResponseCodec.java:133)&#13;
	at org.openqa.selenium.remote.codec.w3c.W3CHttpResponseCodec.decode(W3CHttpResponseCodec.java:53)&#13;
	at org.openqa.selenium.remote.HttpCommandExecutor.execute(HttpCommandExecutor.java:193)&#13;
	at org.openqa.selenium.remote.service.DriverCommandExecutor.invokeExecute(DriverCommandExecutor.java:183)&#13;
	at org.openqa.selenium.remote.service.DriverCommandExecutor.execute(DriverCommandExecutor.java:158)&#13;
	at org.openqa.selenium.remote.RemoteWebDriver.execute(RemoteWebDriver.java:543)&#13;
	at org.openqa.selenium.remote.RemoteWebDriver.get(RemoteWebDriver.java:297)&#13;
	at org.openqa.selenium.remote.RemoteWebDriver$RemoteNavigation.to(RemoteWebDriver.java:982)&#13;
	at StepDefinitions.LoginSteps.user_is_on_login_page(LoginSteps.java:36)&#13;
	at ✽.user is on login page(file:///C:/Users/dimas/eclipse-workspace/CucumberJava/src/test/resources/Features/login.feature:18)&#13;
&#13;
</error>
      </testcase>
      <testcase name="check login is un-successful with invalid credentials #5" classname="feature to test login functionality" time="15.734">
        <error>org.openqa.selenium.TimeoutException: timeout: Timed out receiving message from renderer: 14.422
  (Session info: chrome=111.0.5563.147)
Build info: version: '4.8.3', revision: 'e5e76298c3'
System info: os.name: 'Windows 11', os.arch: 'amd64', os.version: '10.0', java.version: '20'
Driver info: org.openqa.selenium.chrome.ChromeDriver
Command: [9187f0cbab4b8a08837b27660f014cba, get {url=http://psa-sanbox.2359media.com.s3-website-ap-southeast-1.amazonaws.com/}]
Capabilities {acceptInsecureCerts: false, browserName: chrome, browserVersion: 111.0.5563.147, chrome: {chromedriverVersion: 111.0.5563.64 (c710e93d5b63..., userDataDir: C:\Users\dimas\AppData\Loca...}, goog:chromeOptions: {debuggerAddress: localhost:59694}, networkConnectionEnabled: false, pageLoadStrategy: normal, platformName: WINDOWS, proxy: Proxy(), se:cdp: ws://localhost:59694/devtoo..., se:cdpVersion: 111.0.5563.147, setWindowRect: true, strictFileInteractability: false, timeouts: {implicit: 0, pageLoad: 300000, script: 30000}, unhandledPromptBehavior: dismiss and notify, webauthn:extension:credBlob: true, webauthn:extension:largeBlob: true, webauthn:extension:minPinLength: true, webauthn:extension:prf: true, webauthn:virtualAuthenticators: true}
Session ID: 9187f0cbab4b8a08837b27660f014cba&#13;
	at java.base/jdk.internal.reflect.DirectConstructorHandleAccessor.newInstance(DirectConstructorHandleAccessor.java:67)&#13;
	at java.base/java.lang.reflect.Constructor.newInstanceWithCaller(Constructor.java:500)&#13;
	at java.base/java.lang.reflect.Constructor.newInstance(Constructor.java:484)&#13;
	at org.openqa.selenium.remote.codec.w3c.W3CHttpResponseCodec.createException(W3CHttpResponseCodec.java:200)&#13;
	at org.openqa.selenium.remote.codec.w3c.W3CHttpResponseCodec.decode(W3CHttpResponseCodec.java:133)&#13;
	at org.openqa.selenium.remote.codec.w3c.W3CHttpResponseCodec.decode(W3CHttpResponseCodec.java:53)&#13;
	at org.openqa.selenium.remote.HttpCommandExecutor.execute(HttpCommandExecutor.java:193)&#13;
	at org.openqa.selenium.remote.service.DriverCommandExecutor.invokeExecute(DriverCommandExecutor.java:183)&#13;
	at org.openqa.selenium.remote.service.DriverCommandExecutor.execute(DriverCommandExecutor.java:158)&#13;
	at org.openqa.selenium.remote.RemoteWebDriver.execute(RemoteWebDriver.java:543)&#13;
	at org.openqa.selenium.remote.RemoteWebDriver.get(RemoteWebDriver.java:297)&#13;
	at org.openqa.selenium.remote.RemoteWebDriver$RemoteNavigation.to(RemoteWebDriver.java:982)&#13;
	at StepDefinitions.LoginSteps.user_is_on_login_page(LoginSteps.java:36)&#13;
	at ✽.user is on login page(file:///C:/Users/dimas/eclipse-workspace/CucumberJava/src/test/resources/Features/login.feature:18)&#13;
&#13;
</error>
      </testcase>
    </testsuite>
    <testsuite name="feature to test logout functionality" time="10.415">
      <testcase name="User successfully logout from the system" classname="feature to test logout functionality" time="10.415"/>
    </testsuite>
  </testsuite>
</testrun>
