<?xml version="1.0" encoding="UTF-8"?>
<testsuite name="Cucumber" time="76.623" tests="6" skipped="0" failures="1" errors="0">
<testcase classname="feature to test login functionality" name="check login is successful with valid credentials" time="21.611">
<failure type="org.openqa.selenium.TimeoutException" message="timeout: Timed out receiving message from renderer: 18.921
  (Session info: chrome=111.0.5563.147)
Build info: version: '4.8.3', revision: 'e5e76298c3'
System info: os.name: 'Windows 11', os.arch: 'amd64', os.version: '10.0', java.version: '20'
Driver info: org.openqa.selenium.chrome.ChromeDriver
Command: [54cd6b63225bc5175c76e8f210465c34, get {url=http://103.172.204.236:8080/login/}]
Capabilities {acceptInsecureCerts: false, browserName: chrome, browserVersion: 111.0.5563.147, chrome: {chromedriverVersion: 111.0.5563.64 (c710e93d5b63..., userDataDir: C:\Users\dimas\AppData\Loca...}, goog:chromeOptions: {debuggerAddress: localhost:60265}, networkConnectionEnabled: false, pageLoadStrategy: normal, platformName: WINDOWS, proxy: Proxy(), se:cdp: ws://localhost:60265/devtoo..., se:cdpVersion: 111.0.5563.147, setWindowRect: true, strictFileInteractability: false, timeouts: {implicit: 0, pageLoad: 300000, script: 30000}, unhandledPromptBehavior: dismiss and notify, webauthn:extension:credBlob: true, webauthn:extension:largeBlob: true, webauthn:extension:minPinLength: true, webauthn:extension:prf: true, webauthn:virtualAuthenticators: true}
Session ID: 54cd6b63225bc5175c76e8f210465c34">
<![CDATA[org.openqa.selenium.TimeoutException: timeout: Timed out receiving message from renderer: 18.921
  (Session info: chrome=111.0.5563.147)
Build info: version: '4.8.3', revision: 'e5e76298c3'
System info: os.name: 'Windows 11', os.arch: 'amd64', os.version: '10.0', java.version: '20'
Driver info: org.openqa.selenium.chrome.ChromeDriver
Command: [54cd6b63225bc5175c76e8f210465c34, get {url=http://103.172.204.236:8080/login/}]
Capabilities {acceptInsecureCerts: false, browserName: chrome, browserVersion: 111.0.5563.147, chrome: {chromedriverVersion: 111.0.5563.64 (c710e93d5b63..., userDataDir: C:\Users\dimas\AppData\Loca...}, goog:chromeOptions: {debuggerAddress: localhost:60265}, networkConnectionEnabled: false, pageLoadStrategy: normal, platformName: WINDOWS, proxy: Proxy(), se:cdp: ws://localhost:60265/devtoo..., se:cdpVersion: 111.0.5563.147, setWindowRect: true, strictFileInteractability: false, timeouts: {implicit: 0, pageLoad: 300000, script: 30000}, unhandledPromptBehavior: dismiss and notify, webauthn:extension:credBlob: true, webauthn:extension:largeBlob: true, webauthn:extension:minPinLength: true, webauthn:extension:prf: true, webauthn:virtualAuthenticators: true}
Session ID: 54cd6b63225bc5175c76e8f210465c34
	at java.base/jdk.internal.reflect.DirectConstructorHandleAccessor.newInstance(DirectConstructorHandleAccessor.java:67)
	at java.base/java.lang.reflect.Constructor.newInstanceWithCaller(Constructor.java:500)
	at java.base/java.lang.reflect.Constructor.newInstance(Constructor.java:484)
	at org.openqa.selenium.remote.codec.w3c.W3CHttpResponseCodec.createException(W3CHttpResponseCodec.java:200)
	at org.openqa.selenium.remote.codec.w3c.W3CHttpResponseCodec.decode(W3CHttpResponseCodec.java:133)
	at org.openqa.selenium.remote.codec.w3c.W3CHttpResponseCodec.decode(W3CHttpResponseCodec.java:53)
	at org.openqa.selenium.remote.HttpCommandExecutor.execute(HttpCommandExecutor.java:193)
	at org.openqa.selenium.remote.service.DriverCommandExecutor.invokeExecute(DriverCommandExecutor.java:183)
	at org.openqa.selenium.remote.service.DriverCommandExecutor.execute(DriverCommandExecutor.java:158)
	at org.openqa.selenium.remote.RemoteWebDriver.execute(RemoteWebDriver.java:543)
	at org.openqa.selenium.remote.RemoteWebDriver.get(RemoteWebDriver.java:297)
	at org.openqa.selenium.remote.RemoteWebDriver$RemoteNavigation.to(RemoteWebDriver.java:982)
	at StepDefinitions.LoginSteps.user_is_on_login_page(LoginSteps.java:36)
	at âœ½.user is on login page(file:///C:/Users/dimas/eclipse-workspace/DoCMS/src/test/resources/Features/login.feature:10)
]]>
</failure>
<system-out><![CDATA[
Given browser is open.......................................................passed
And user is on login page...................................................failed
When user enters dimaswisnu and dimaswisnu..................................skipped
And user clicks on login button.............................................skipped
Then user is navigated to the home page.....................................skipped
]]></system-out>
</testcase>
<testcase classname="feature to test login functionality" name="check login is un-successful with invalid credentials - Example #1.1" time="10.342">
<system-out><![CDATA[
Given browser is open.......................................................passed
And user is on login page...................................................passed
When user enters user1 and tes123...........................................passed
And user clicks on login button.............................................passed
Then login page show error..................................................passed
]]></system-out>
</testcase>
<testcase classname="feature to test login functionality" name="check login is un-successful with invalid credentials - Example #1.2" time="16.398">
<system-out><![CDATA[
Given browser is open.......................................................passed
And user is on login page...................................................passed
When user enters user2 and tes123!!.........................................passed
And user clicks on login button.............................................passed
Then login page show error..................................................passed
]]></system-out>
</testcase>
<testcase classname="feature to test login functionality" name="check login is un-successful with invalid credentials - Example #1.3" time="19.714">
<system-out><![CDATA[
Given browser is open.......................................................passed
And user is on login page...................................................passed
When user enters <blank> and <blank>........................................passed
And user clicks on login button.............................................passed
Then login page show error..................................................passed
]]></system-out>
</testcase>
<testcase classname="feature to test login functionality" name="check login is un-successful with invalid credentials - Example #1.4" time="4.982">
<system-out><![CDATA[
Given browser is open.......................................................passed
And user is on login page...................................................passed
When user enters user4 and <blank>..........................................passed
And user clicks on login button.............................................passed
Then login page show error..................................................passed
]]></system-out>
</testcase>
<testcase classname="feature to test login functionality" name="check login is un-successful with invalid credentials - Example #1.5" time="3.403">
<system-out><![CDATA[
Given browser is open.......................................................passed
And user is on login page...................................................passed
When user enters <blank> and tes123.........................................passed
And user clicks on login button.............................................passed
Then login page show error..................................................passed
]]></system-out>
</testcase>
</testsuite>
